<errors>
<error type="info.kwarc.mmt.api.InvalidUnit" shortMsg="invalid unit: http://cds.omdoc.org/urtheories?Inhabitation?K?definition:  |- [A,B][p,q]elim p [r:A→B]elim q [s:A]inh (r s) : {A,B}!(A→B)→!A→!B" level="2">
  <stacktrace>
    <element>info.kwarc.mmt.api.checking.RuleBasedChecker$$anonfun$apply$1$$anonfun$apply$mcV$sp$2.apply(RuleBasedChecker.scala:67)</element>
    <element>info.kwarc.mmt.api.checking.RuleBasedChecker$$anonfun$apply$1$$anonfun$apply$mcV$sp$2.apply(RuleBasedChecker.scala:65)</element>
    <element>scala.collection.immutable.List.foreach(List.scala:381)</element>
    <element>info.kwarc.mmt.api.checking.RuleBasedChecker$$anonfun$apply$1.apply$mcV$sp(RuleBasedChecker.scala:65)</element>
    <element>info.kwarc.mmt.api.checking.RuleBasedChecker$$anonfun$apply$1.apply(RuleBasedChecker.scala:58)</element>
    <element>info.kwarc.mmt.api.checking.RuleBasedChecker$$anonfun$apply$1.apply(RuleBasedChecker.scala:58)</element>
    <element>info.kwarc.mmt.api.frontend.Logger$class.logGroup(Log.scala:23)</element>
    <element>info.kwarc.mmt.api.checking.RuleBasedChecker.logGroup(RuleBasedChecker.scala:15)</element>
    <element>info.kwarc.mmt.api.checking.RuleBasedChecker.apply(RuleBasedChecker.scala:58)</element>
    <element>info.kwarc.mmt.api.checking.MMTStructureChecker$$anonfun$info$kwarc$mmt$api$checking$MMTStructureChecker$$check$10.apply(MMTStructureChecker.scala:220)</element>
    <element>info.kwarc.mmt.api.checking.MMTStructureChecker$$anonfun$info$kwarc$mmt$api$checking$MMTStructureChecker$$check$10.apply(MMTStructureChecker.scala:203)</element>
    <element>scala.Option.foreach(Option.scala:257)</element>
    <element>info.kwarc.mmt.api.checking.MMTStructureChecker.info$kwarc$mmt$api$checking$MMTStructureChecker$$check(MMTStructureChecker.scala:203)</element>
    <element>info.kwarc.mmt.api.checking.MMTStructureChecker$$anonfun$info$kwarc$mmt$api$checking$MMTStructureChecker$$check$1$$anonfun$apply$mcV$sp$1.apply(MMTStructureChecker.scala:90)</element>
    <element>info.kwarc.mmt.api.checking.MMTStructureChecker$$anonfun$info$kwarc$mmt$api$checking$MMTStructureChecker$$check$1$$anonfun$apply$mcV$sp$1.apply(MMTStructureChecker.scala:89)</element>
    <element>scala.collection.immutable.List.foreach(List.scala:381)</element>
    <element>info.kwarc.mmt.api.checking.MMTStructureChecker$$anonfun$info$kwarc$mmt$api$checking$MMTStructureChecker$$check$1.apply$mcV$sp(MMTStructureChecker.scala:89)</element>
    <element>info.kwarc.mmt.api.checking.MMTStructureChecker$$anonfun$info$kwarc$mmt$api$checking$MMTStructureChecker$$check$1.apply(MMTStructureChecker.scala:89)</element>
    <element>info.kwarc.mmt.api.checking.MMTStructureChecker$$anonfun$info$kwarc$mmt$api$checking$MMTStructureChecker$$check$1.apply(MMTStructureChecker.scala:89)</element>
    <element>info.kwarc.mmt.api.frontend.Logger$class.logGroup(Log.scala:23)</element>
    <element>info.kwarc.mmt.api.checking.Checker.logGroup(Checker.scala:71)</element>
    <element>info.kwarc.mmt.api.checking.MMTStructureChecker.info$kwarc$mmt$api$checking$MMTStructureChecker$$check(MMTStructureChecker.scala:88)</element>
    <element>info.kwarc.mmt.api.checking.MMTStructureChecker.info$kwarc$mmt$api$checking$MMTStructureChecker$$check(MMTStructureChecker.scala:72)</element>
    <element>info.kwarc.mmt.api.checking.MMTStructureChecker$$anonfun$info$kwarc$mmt$api$checking$MMTStructureChecker$$check$4.apply(MMTStructureChecker.scala:63)</element>
    <element>info.kwarc.mmt.api.checking.MMTStructureChecker$$anonfun$info$kwarc$mmt$api$checking$MMTStructureChecker$$check$4.apply(MMTStructureChecker.scala:63)</element>
    <element>scala.collection.immutable.List.foreach(List.scala:381)</element>
    <element>info.kwarc.mmt.api.checking.MMTStructureChecker.info$kwarc$mmt$api$checking$MMTStructureChecker$$check(MMTStructureChecker.scala:63)</element>
    <element>info.kwarc.mmt.api.checking.MMTStructureChecker.apply(MMTStructureChecker.scala:49)</element>
    <element>info.kwarc.mmt.api.checking.TwoStepInterpreter.apply(Interpreter.scala:68)</element>
    <element>info.kwarc.mmt.api.checking.Interpreter.importDocument(Interpreter.scala:37)</element>
    <element>info.kwarc.mmt.api.archives.Importer.buildFile(Index.scala:38)</element>
    <element>info.kwarc.mmt.api.archives.TraversingBuildTarget.runBuildTask(BuildTarget.scala:444)</element>
    <element>info.kwarc.mmt.api.archives.TraversingBuildTarget.checkOrRunBuildTask(BuildTarget.scala:538)</element>
    <element>info.kwarc.mmt.api.archives.TrivialBuildManager$$anonfun$addTasks$1.apply(BuildQueue.scala:153)</element>
    <element>info.kwarc.mmt.api.archives.TrivialBuildManager$$anonfun$addTasks$1.apply(BuildQueue.scala:152)</element>
    <element>scala.collection.immutable.List.foreach(List.scala:381)</element>
    <element>info.kwarc.mmt.api.archives.TrivialBuildManager.addTasks(BuildQueue.scala:152)</element>
    <element>info.kwarc.mmt.api.archives.TraversingBuildTarget.build(BuildTarget.scala:346)</element>
    <element>info.kwarc.mmt.api.archives.TraversingBuildTarget.build(BuildTarget.scala:340)</element>
    <element>info.kwarc.mmt.api.archives.BuildTarget.apply(BuildTarget.scala:201)</element>
    <element>info.kwarc.mmt.api.frontend.ActionHandling$$anonfun$archiveBuildAction$1.apply(ActionHandling.scala:310)</element>
    <element>info.kwarc.mmt.api.frontend.ActionHandling$$anonfun$archiveBuildAction$1.apply(ActionHandling.scala:287)</element>
    <element>scala.collection.immutable.List.foreach(List.scala:381)</element>
    <element>info.kwarc.mmt.api.frontend.ActionHandling$class.archiveBuildAction(ActionHandling.scala:287)</element>
    <element>info.kwarc.mmt.api.frontend.Controller.archiveBuildAction(Controller.scala:62)</element>
    <element>info.kwarc.mmt.api.frontend.ActionHandling$class.handle(ActionHandling.scala:60)</element>
    <element>info.kwarc.mmt.api.frontend.Controller.handle(Controller.scala:62)</element>
    <element>info.kwarc.mmt.api.frontend.ActionHandling$class.handleLine(ActionHandling.scala:27)</element>
    <element>info.kwarc.mmt.api.frontend.Controller.handleLine(Controller.scala:62)</element>
    <element>info.kwarc.mmt.jedit.MMTConsole.execute(MMTConsole.scala:31)</element>
    <element>console.Console.run(Console.java:605)</element>
    <element>console.Console.access$1300(Console.java:77)</element>
    <element>console.Console$RunActionHandler.actionPerformed(Console.java:1193)</element>
    <element>console.ConsolePane.fireActionEvent(ConsolePane.java:195)</element>
    <element>console.ConsolePane$EnterAction.actionPerformed(ConsolePane.java:447)</element>
    <element>javax.swing.SwingUtilities.notifyAction(SwingUtilities.java:1663)</element>
    <element>javax.swing.JComponent.processKeyBinding(JComponent.java:2882)</element>
    <element>javax.swing.JComponent.processKeyBindings(JComponent.java:2929)</element>
    <element>javax.swing.JComponent.processKeyEvent(JComponent.java:2845)</element>
    <element>console.ConsolePane.processKeyEvent(ConsolePane.java:346)</element>
    <element>java.awt.Component.processEvent(Component.java:6312)</element>
    <element>java.awt.Container.processEvent(Container.java:2236)</element>
    <element>java.awt.Component.dispatchEventImpl(Component.java:4891)</element>
    <element>java.awt.Container.dispatchEventImpl(Container.java:2294)</element>
    <element>java.awt.Component.dispatchEvent(Component.java:4713)</element>
    <element>java.awt.KeyboardFocusManager.redispatchEvent(KeyboardFocusManager.java:1954)</element>
    <element>java.awt.DefaultKeyboardFocusManager.dispatchKeyEvent(DefaultKeyboardFocusManager.java:806)</element>
    <element>java.awt.DefaultKeyboardFocusManager.preDispatchKeyEvent(DefaultKeyboardFocusManager.java:1074)</element>
    <element>java.awt.DefaultKeyboardFocusManager.typeAheadAssertions(DefaultKeyboardFocusManager.java:945)</element>
    <element>java.awt.DefaultKeyboardFocusManager.dispatchEvent(DefaultKeyboardFocusManager.java:771)</element>
    <element>java.awt.Component.dispatchEventImpl(Component.java:4762)</element>
    <element>java.awt.Container.dispatchEventImpl(Container.java:2294)</element>
    <element>java.awt.Window.dispatchEventImpl(Window.java:2750)</element>
    <element>java.awt.Component.dispatchEvent(Component.java:4713)</element>
    <element>java.awt.EventQueue.dispatchEventImpl(EventQueue.java:758)</element>
    <element>java.awt.EventQueue.access$500(EventQueue.java:97)</element>
    <element>java.awt.EventQueue$3.run(EventQueue.java:709)</element>
    <element>java.awt.EventQueue$3.run(EventQueue.java:703)</element>
    <element>java.security.AccessController.doPrivileged(Native Method)</element>
    <element>java.security.ProtectionDomain$JavaSecurityAccessImpl.doIntersectionPrivilege(ProtectionDomain.java:76)</element>
    <element>java.security.ProtectionDomain$JavaSecurityAccessImpl.doIntersectionPrivilege(ProtectionDomain.java:86)</element>
    <element>java.awt.EventQueue$4.run(EventQueue.java:731)</element>
    <element>java.awt.EventQueue$4.run(EventQueue.java:729)</element>
    <element>java.security.AccessController.doPrivileged(Native Method)</element>
    <element>java.security.ProtectionDomain$JavaSecurityAccessImpl.doIntersectionPrivilege(ProtectionDomain.java:76)</element>
    <element>java.awt.EventQueue.dispatchEvent(EventQueue.java:728)</element>
    <element>java.awt.EventDispatchThread.pumpOneEventForFilters(EventDispatchThread.java:201)</element>
    <element>java.awt.EventDispatchThread.pumpEventsForFilter(EventDispatchThread.java:116)</element>
    <element>java.awt.EventDispatchThread.pumpEventsForHierarchy(EventDispatchThread.java:105)</element>
    <element>java.awt.EventDispatchThread.pumpEvents(EventDispatchThread.java:101)</element>
    <element>java.awt.EventDispatchThread.pumpEvents(EventDispatchThread.java:93)</element>
    <element>java.awt.EventDispatchThread.run(EventDispatchThread.java:82)</element>
  </stacktrace>
</error>
<error type="info.kwarc.mmt.api.InvalidUnit" shortMsg="invalid unit: http://cds.omdoc.org/urtheories?Inhabitation?idempotent?definition:  |- [A][p]elim p [a]a : {A}!!A→!A" level="2">
  <stacktrace>
    <element>info.kwarc.mmt.api.checking.RuleBasedChecker$$anonfun$apply$1$$anonfun$apply$mcV$sp$2.apply(RuleBasedChecker.scala:67)</element>
    <element>info.kwarc.mmt.api.checking.RuleBasedChecker$$anonfun$apply$1$$anonfun$apply$mcV$sp$2.apply(RuleBasedChecker.scala:65)</element>
    <element>scala.collection.immutable.List.foreach(List.scala:381)</element>
    <element>info.kwarc.mmt.api.checking.RuleBasedChecker$$anonfun$apply$1.apply$mcV$sp(RuleBasedChecker.scala:65)</element>
    <element>info.kwarc.mmt.api.checking.RuleBasedChecker$$anonfun$apply$1.apply(RuleBasedChecker.scala:58)</element>
    <element>info.kwarc.mmt.api.checking.RuleBasedChecker$$anonfun$apply$1.apply(RuleBasedChecker.scala:58)</element>
    <element>info.kwarc.mmt.api.frontend.Logger$class.logGroup(Log.scala:23)</element>
    <element>info.kwarc.mmt.api.checking.RuleBasedChecker.logGroup(RuleBasedChecker.scala:15)</element>
    <element>info.kwarc.mmt.api.checking.RuleBasedChecker.apply(RuleBasedChecker.scala:58)</element>
    <element>info.kwarc.mmt.api.checking.MMTStructureChecker$$anonfun$info$kwarc$mmt$api$checking$MMTStructureChecker$$check$10.apply(MMTStructureChecker.scala:220)</element>
    <element>info.kwarc.mmt.api.checking.MMTStructureChecker$$anonfun$info$kwarc$mmt$api$checking$MMTStructureChecker$$check$10.apply(MMTStructureChecker.scala:203)</element>
    <element>scala.Option.foreach(Option.scala:257)</element>
    <element>info.kwarc.mmt.api.checking.MMTStructureChecker.info$kwarc$mmt$api$checking$MMTStructureChecker$$check(MMTStructureChecker.scala:203)</element>
    <element>info.kwarc.mmt.api.checking.MMTStructureChecker$$anonfun$info$kwarc$mmt$api$checking$MMTStructureChecker$$check$1$$anonfun$apply$mcV$sp$1.apply(MMTStructureChecker.scala:90)</element>
    <element>info.kwarc.mmt.api.checking.MMTStructureChecker$$anonfun$info$kwarc$mmt$api$checking$MMTStructureChecker$$check$1$$anonfun$apply$mcV$sp$1.apply(MMTStructureChecker.scala:89)</element>
    <element>scala.collection.immutable.List.foreach(List.scala:381)</element>
    <element>info.kwarc.mmt.api.checking.MMTStructureChecker$$anonfun$info$kwarc$mmt$api$checking$MMTStructureChecker$$check$1.apply$mcV$sp(MMTStructureChecker.scala:89)</element>
    <element>info.kwarc.mmt.api.checking.MMTStructureChecker$$anonfun$info$kwarc$mmt$api$checking$MMTStructureChecker$$check$1.apply(MMTStructureChecker.scala:89)</element>
    <element>info.kwarc.mmt.api.checking.MMTStructureChecker$$anonfun$info$kwarc$mmt$api$checking$MMTStructureChecker$$check$1.apply(MMTStructureChecker.scala:89)</element>
    <element>info.kwarc.mmt.api.frontend.Logger$class.logGroup(Log.scala:23)</element>
    <element>info.kwarc.mmt.api.checking.Checker.logGroup(Checker.scala:71)</element>
    <element>info.kwarc.mmt.api.checking.MMTStructureChecker.info$kwarc$mmt$api$checking$MMTStructureChecker$$check(MMTStructureChecker.scala:88)</element>
    <element>info.kwarc.mmt.api.checking.MMTStructureChecker.info$kwarc$mmt$api$checking$MMTStructureChecker$$check(MMTStructureChecker.scala:72)</element>
    <element>info.kwarc.mmt.api.checking.MMTStructureChecker$$anonfun$info$kwarc$mmt$api$checking$MMTStructureChecker$$check$4.apply(MMTStructureChecker.scala:63)</element>
    <element>info.kwarc.mmt.api.checking.MMTStructureChecker$$anonfun$info$kwarc$mmt$api$checking$MMTStructureChecker$$check$4.apply(MMTStructureChecker.scala:63)</element>
    <element>scala.collection.immutable.List.foreach(List.scala:381)</element>
    <element>info.kwarc.mmt.api.checking.MMTStructureChecker.info$kwarc$mmt$api$checking$MMTStructureChecker$$check(MMTStructureChecker.scala:63)</element>
    <element>info.kwarc.mmt.api.checking.MMTStructureChecker.apply(MMTStructureChecker.scala:49)</element>
    <element>info.kwarc.mmt.api.checking.TwoStepInterpreter.apply(Interpreter.scala:68)</element>
    <element>info.kwarc.mmt.api.checking.Interpreter.importDocument(Interpreter.scala:37)</element>
    <element>info.kwarc.mmt.api.archives.Importer.buildFile(Index.scala:38)</element>
    <element>info.kwarc.mmt.api.archives.TraversingBuildTarget.runBuildTask(BuildTarget.scala:444)</element>
    <element>info.kwarc.mmt.api.archives.TraversingBuildTarget.checkOrRunBuildTask(BuildTarget.scala:538)</element>
    <element>info.kwarc.mmt.api.archives.TrivialBuildManager$$anonfun$addTasks$1.apply(BuildQueue.scala:153)</element>
    <element>info.kwarc.mmt.api.archives.TrivialBuildManager$$anonfun$addTasks$1.apply(BuildQueue.scala:152)</element>
    <element>scala.collection.immutable.List.foreach(List.scala:381)</element>
    <element>info.kwarc.mmt.api.archives.TrivialBuildManager.addTasks(BuildQueue.scala:152)</element>
    <element>info.kwarc.mmt.api.archives.TraversingBuildTarget.build(BuildTarget.scala:346)</element>
    <element>info.kwarc.mmt.api.archives.TraversingBuildTarget.build(BuildTarget.scala:340)</element>
    <element>info.kwarc.mmt.api.archives.BuildTarget.apply(BuildTarget.scala:201)</element>
    <element>info.kwarc.mmt.api.frontend.ActionHandling$$anonfun$archiveBuildAction$1.apply(ActionHandling.scala:310)</element>
    <element>info.kwarc.mmt.api.frontend.ActionHandling$$anonfun$archiveBuildAction$1.apply(ActionHandling.scala:287)</element>
    <element>scala.collection.immutable.List.foreach(List.scala:381)</element>
    <element>info.kwarc.mmt.api.frontend.ActionHandling$class.archiveBuildAction(ActionHandling.scala:287)</element>
    <element>info.kwarc.mmt.api.frontend.Controller.archiveBuildAction(Controller.scala:62)</element>
    <element>info.kwarc.mmt.api.frontend.ActionHandling$class.handle(ActionHandling.scala:60)</element>
    <element>info.kwarc.mmt.api.frontend.Controller.handle(Controller.scala:62)</element>
    <element>info.kwarc.mmt.api.frontend.ActionHandling$class.handleLine(ActionHandling.scala:27)</element>
    <element>info.kwarc.mmt.api.frontend.Controller.handleLine(Controller.scala:62)</element>
    <element>info.kwarc.mmt.jedit.MMTConsole.execute(MMTConsole.scala:31)</element>
    <element>console.Console.run(Console.java:605)</element>
    <element>console.Console.access$1300(Console.java:77)</element>
    <element>console.Console$RunActionHandler.actionPerformed(Console.java:1193)</element>
    <element>console.ConsolePane.fireActionEvent(ConsolePane.java:195)</element>
    <element>console.ConsolePane$EnterAction.actionPerformed(ConsolePane.java:447)</element>
    <element>javax.swing.SwingUtilities.notifyAction(SwingUtilities.java:1663)</element>
    <element>javax.swing.JComponent.processKeyBinding(JComponent.java:2882)</element>
    <element>javax.swing.JComponent.processKeyBindings(JComponent.java:2929)</element>
    <element>javax.swing.JComponent.processKeyEvent(JComponent.java:2845)</element>
    <element>console.ConsolePane.processKeyEvent(ConsolePane.java:346)</element>
    <element>java.awt.Component.processEvent(Component.java:6312)</element>
    <element>java.awt.Container.processEvent(Container.java:2236)</element>
    <element>java.awt.Component.dispatchEventImpl(Component.java:4891)</element>
    <element>java.awt.Container.dispatchEventImpl(Container.java:2294)</element>
    <element>java.awt.Component.dispatchEvent(Component.java:4713)</element>
    <element>java.awt.KeyboardFocusManager.redispatchEvent(KeyboardFocusManager.java:1954)</element>
    <element>java.awt.DefaultKeyboardFocusManager.dispatchKeyEvent(DefaultKeyboardFocusManager.java:806)</element>
    <element>java.awt.DefaultKeyboardFocusManager.preDispatchKeyEvent(DefaultKeyboardFocusManager.java:1074)</element>
    <element>java.awt.DefaultKeyboardFocusManager.typeAheadAssertions(DefaultKeyboardFocusManager.java:945)</element>
    <element>java.awt.DefaultKeyboardFocusManager.dispatchEvent(DefaultKeyboardFocusManager.java:771)</element>
    <element>java.awt.Component.dispatchEventImpl(Component.java:4762)</element>
    <element>java.awt.Container.dispatchEventImpl(Container.java:2294)</element>
    <element>java.awt.Window.dispatchEventImpl(Window.java:2750)</element>
    <element>java.awt.Component.dispatchEvent(Component.java:4713)</element>
    <element>java.awt.EventQueue.dispatchEventImpl(EventQueue.java:758)</element>
    <element>java.awt.EventQueue.access$500(EventQueue.java:97)</element>
    <element>java.awt.EventQueue$3.run(EventQueue.java:709)</element>
    <element>java.awt.EventQueue$3.run(EventQueue.java:703)</element>
    <element>java.security.AccessController.doPrivileged(Native Method)</element>
    <element>java.security.ProtectionDomain$JavaSecurityAccessImpl.doIntersectionPrivilege(ProtectionDomain.java:76)</element>
    <element>java.security.ProtectionDomain$JavaSecurityAccessImpl.doIntersectionPrivilege(ProtectionDomain.java:86)</element>
    <element>java.awt.EventQueue$4.run(EventQueue.java:731)</element>
    <element>java.awt.EventQueue$4.run(EventQueue.java:729)</element>
    <element>java.security.AccessController.doPrivileged(Native Method)</element>
    <element>java.security.ProtectionDomain$JavaSecurityAccessImpl.doIntersectionPrivilege(ProtectionDomain.java:76)</element>
    <element>java.awt.EventQueue.dispatchEvent(EventQueue.java:728)</element>
    <element>java.awt.EventDispatchThread.pumpOneEventForFilters(EventDispatchThread.java:201)</element>
    <element>java.awt.EventDispatchThread.pumpEventsForFilter(EventDispatchThread.java:116)</element>
    <element>java.awt.EventDispatchThread.pumpEventsForHierarchy(EventDispatchThread.java:105)</element>
    <element>java.awt.EventDispatchThread.pumpEvents(EventDispatchThread.java:101)</element>
    <element>java.awt.EventDispatchThread.pumpEvents(EventDispatchThread.java:93)</element>
    <element>java.awt.EventDispatchThread.run(EventDispatchThread.java:82)</element>
  </stacktrace>
</error>
<error type="info.kwarc.mmt.api.InvalidUnit" shortMsg="invalid unit: http://cds.omdoc.org/urtheories?PredicateSubtypes?sub?type:  |- {A,P}{x:A}!(P x)→A|P INHABITABLE" level="2">
  <stacktrace>
    <element>info.kwarc.mmt.api.checking.RuleBasedChecker$$anonfun$apply$1$$anonfun$apply$mcV$sp$1.apply(RuleBasedChecker.scala:62)</element>
    <element>info.kwarc.mmt.api.checking.RuleBasedChecker$$anonfun$apply$1$$anonfun$apply$mcV$sp$1.apply(RuleBasedChecker.scala:61)</element>
    <element>scala.collection.immutable.List.foreach(List.scala:381)</element>
    <element>info.kwarc.mmt.api.checking.RuleBasedChecker$$anonfun$apply$1.apply$mcV$sp(RuleBasedChecker.scala:61)</element>
    <element>info.kwarc.mmt.api.checking.RuleBasedChecker$$anonfun$apply$1.apply(RuleBasedChecker.scala:58)</element>
    <element>info.kwarc.mmt.api.checking.RuleBasedChecker$$anonfun$apply$1.apply(RuleBasedChecker.scala:58)</element>
    <element>info.kwarc.mmt.api.frontend.Logger$class.logGroup(Log.scala:23)</element>
    <element>info.kwarc.mmt.api.checking.RuleBasedChecker.logGroup(RuleBasedChecker.scala:15)</element>
    <element>info.kwarc.mmt.api.checking.RuleBasedChecker.apply(RuleBasedChecker.scala:58)</element>
    <element>info.kwarc.mmt.api.checking.MMTStructureChecker$$anonfun$info$kwarc$mmt$api$checking$MMTStructureChecker$$check$8.apply(MMTStructureChecker.scala:183)</element>
    <element>info.kwarc.mmt.api.checking.MMTStructureChecker$$anonfun$info$kwarc$mmt$api$checking$MMTStructureChecker$$check$8.apply(MMTStructureChecker.scala:179)</element>
    <element>scala.Option.foreach(Option.scala:257)</element>
    <element>info.kwarc.mmt.api.checking.MMTStructureChecker.info$kwarc$mmt$api$checking$MMTStructureChecker$$check(MMTStructureChecker.scala:179)</element>
    <element>info.kwarc.mmt.api.checking.MMTStructureChecker$$anonfun$info$kwarc$mmt$api$checking$MMTStructureChecker$$check$1$$anonfun$apply$mcV$sp$1.apply(MMTStructureChecker.scala:90)</element>
    <element>info.kwarc.mmt.api.checking.MMTStructureChecker$$anonfun$info$kwarc$mmt$api$checking$MMTStructureChecker$$check$1$$anonfun$apply$mcV$sp$1.apply(MMTStructureChecker.scala:89)</element>
    <element>scala.collection.immutable.List.foreach(List.scala:381)</element>
    <element>info.kwarc.mmt.api.checking.MMTStructureChecker$$anonfun$info$kwarc$mmt$api$checking$MMTStructureChecker$$check$1.apply$mcV$sp(MMTStructureChecker.scala:89)</element>
    <element>info.kwarc.mmt.api.checking.MMTStructureChecker$$anonfun$info$kwarc$mmt$api$checking$MMTStructureChecker$$check$1.apply(MMTStructureChecker.scala:89)</element>
    <element>info.kwarc.mmt.api.checking.MMTStructureChecker$$anonfun$info$kwarc$mmt$api$checking$MMTStructureChecker$$check$1.apply(MMTStructureChecker.scala:89)</element>
    <element>info.kwarc.mmt.api.frontend.Logger$class.logGroup(Log.scala:23)</element>
    <element>info.kwarc.mmt.api.checking.Checker.logGroup(Checker.scala:71)</element>
    <element>info.kwarc.mmt.api.checking.MMTStructureChecker.info$kwarc$mmt$api$checking$MMTStructureChecker$$check(MMTStructureChecker.scala:88)</element>
    <element>info.kwarc.mmt.api.checking.MMTStructureChecker.info$kwarc$mmt$api$checking$MMTStructureChecker$$check(MMTStructureChecker.scala:72)</element>
    <element>info.kwarc.mmt.api.checking.MMTStructureChecker$$anonfun$info$kwarc$mmt$api$checking$MMTStructureChecker$$check$4.apply(MMTStructureChecker.scala:63)</element>
    <element>info.kwarc.mmt.api.checking.MMTStructureChecker$$anonfun$info$kwarc$mmt$api$checking$MMTStructureChecker$$check$4.apply(MMTStructureChecker.scala:63)</element>
    <element>scala.collection.immutable.List.foreach(List.scala:381)</element>
    <element>info.kwarc.mmt.api.checking.MMTStructureChecker.info$kwarc$mmt$api$checking$MMTStructureChecker$$check(MMTStructureChecker.scala:63)</element>
    <element>info.kwarc.mmt.api.checking.MMTStructureChecker.apply(MMTStructureChecker.scala:49)</element>
    <element>info.kwarc.mmt.api.checking.TwoStepInterpreter.apply(Interpreter.scala:68)</element>
    <element>info.kwarc.mmt.api.checking.Interpreter.importDocument(Interpreter.scala:37)</element>
    <element>info.kwarc.mmt.api.archives.Importer.buildFile(Index.scala:38)</element>
    <element>info.kwarc.mmt.api.archives.TraversingBuildTarget.runBuildTask(BuildTarget.scala:444)</element>
    <element>info.kwarc.mmt.api.archives.TraversingBuildTarget.checkOrRunBuildTask(BuildTarget.scala:538)</element>
    <element>info.kwarc.mmt.api.archives.TrivialBuildManager$$anonfun$addTasks$1.apply(BuildQueue.scala:153)</element>
    <element>info.kwarc.mmt.api.archives.TrivialBuildManager$$anonfun$addTasks$1.apply(BuildQueue.scala:152)</element>
    <element>scala.collection.immutable.List.foreach(List.scala:381)</element>
    <element>info.kwarc.mmt.api.archives.TrivialBuildManager.addTasks(BuildQueue.scala:152)</element>
    <element>info.kwarc.mmt.api.archives.TraversingBuildTarget.build(BuildTarget.scala:346)</element>
    <element>info.kwarc.mmt.api.archives.TraversingBuildTarget.build(BuildTarget.scala:340)</element>
    <element>info.kwarc.mmt.api.archives.BuildTarget.apply(BuildTarget.scala:201)</element>
    <element>info.kwarc.mmt.api.frontend.ActionHandling$$anonfun$archiveBuildAction$1.apply(ActionHandling.scala:310)</element>
    <element>info.kwarc.mmt.api.frontend.ActionHandling$$anonfun$archiveBuildAction$1.apply(ActionHandling.scala:287)</element>
    <element>scala.collection.immutable.List.foreach(List.scala:381)</element>
    <element>info.kwarc.mmt.api.frontend.ActionHandling$class.archiveBuildAction(ActionHandling.scala:287)</element>
    <element>info.kwarc.mmt.api.frontend.Controller.archiveBuildAction(Controller.scala:62)</element>
    <element>info.kwarc.mmt.api.frontend.ActionHandling$class.handle(ActionHandling.scala:60)</element>
    <element>info.kwarc.mmt.api.frontend.Controller.handle(Controller.scala:62)</element>
    <element>info.kwarc.mmt.api.frontend.ActionHandling$class.handleLine(ActionHandling.scala:27)</element>
    <element>info.kwarc.mmt.api.frontend.Controller.handleLine(Controller.scala:62)</element>
    <element>info.kwarc.mmt.jedit.MMTConsole.execute(MMTConsole.scala:31)</element>
    <element>console.Console.run(Console.java:605)</element>
    <element>console.Console.access$1300(Console.java:77)</element>
    <element>console.Console$RunActionHandler.actionPerformed(Console.java:1193)</element>
    <element>console.ConsolePane.fireActionEvent(ConsolePane.java:195)</element>
    <element>console.ConsolePane$EnterAction.actionPerformed(ConsolePane.java:447)</element>
    <element>javax.swing.SwingUtilities.notifyAction(SwingUtilities.java:1663)</element>
    <element>javax.swing.JComponent.processKeyBinding(JComponent.java:2882)</element>
    <element>javax.swing.JComponent.processKeyBindings(JComponent.java:2929)</element>
    <element>javax.swing.JComponent.processKeyEvent(JComponent.java:2845)</element>
    <element>console.ConsolePane.processKeyEvent(ConsolePane.java:346)</element>
    <element>java.awt.Component.processEvent(Component.java:6312)</element>
    <element>java.awt.Container.processEvent(Container.java:2236)</element>
    <element>java.awt.Component.dispatchEventImpl(Component.java:4891)</element>
    <element>java.awt.Container.dispatchEventImpl(Container.java:2294)</element>
    <element>java.awt.Component.dispatchEvent(Component.java:4713)</element>
    <element>java.awt.KeyboardFocusManager.redispatchEvent(KeyboardFocusManager.java:1954)</element>
    <element>java.awt.DefaultKeyboardFocusManager.dispatchKeyEvent(DefaultKeyboardFocusManager.java:806)</element>
    <element>java.awt.DefaultKeyboardFocusManager.preDispatchKeyEvent(DefaultKeyboardFocusManager.java:1074)</element>
    <element>java.awt.DefaultKeyboardFocusManager.typeAheadAssertions(DefaultKeyboardFocusManager.java:945)</element>
    <element>java.awt.DefaultKeyboardFocusManager.dispatchEvent(DefaultKeyboardFocusManager.java:771)</element>
    <element>java.awt.Component.dispatchEventImpl(Component.java:4762)</element>
    <element>java.awt.Container.dispatchEventImpl(Container.java:2294)</element>
    <element>java.awt.Window.dispatchEventImpl(Window.java:2750)</element>
    <element>java.awt.Component.dispatchEvent(Component.java:4713)</element>
    <element>java.awt.EventQueue.dispatchEventImpl(EventQueue.java:758)</element>
    <element>java.awt.EventQueue.access$500(EventQueue.java:97)</element>
    <element>java.awt.EventQueue$3.run(EventQueue.java:709)</element>
    <element>java.awt.EventQueue$3.run(EventQueue.java:703)</element>
    <element>java.security.AccessController.doPrivileged(Native Method)</element>
    <element>java.security.ProtectionDomain$JavaSecurityAccessImpl.doIntersectionPrivilege(ProtectionDomain.java:76)</element>
    <element>java.security.ProtectionDomain$JavaSecurityAccessImpl.doIntersectionPrivilege(ProtectionDomain.java:86)</element>
    <element>java.awt.EventQueue$4.run(EventQueue.java:731)</element>
    <element>java.awt.EventQueue$4.run(EventQueue.java:729)</element>
    <element>java.security.AccessController.doPrivileged(Native Method)</element>
    <element>java.security.ProtectionDomain$JavaSecurityAccessImpl.doIntersectionPrivilege(ProtectionDomain.java:76)</element>
    <element>java.awt.EventQueue.dispatchEvent(EventQueue.java:728)</element>
    <element>java.awt.EventDispatchThread.pumpOneEventForFilters(EventDispatchThread.java:201)</element>
    <element>java.awt.EventDispatchThread.pumpEventsForFilter(EventDispatchThread.java:116)</element>
    <element>java.awt.EventDispatchThread.pumpEventsForHierarchy(EventDispatchThread.java:105)</element>
    <element>java.awt.EventDispatchThread.pumpEvents(EventDispatchThread.java:101)</element>
    <element>java.awt.EventDispatchThread.pumpEvents(EventDispatchThread.java:93)</element>
    <element>java.awt.EventDispatchThread.run(EventDispatchThread.java:82)</element>
  </stacktrace>
</error>
<error type="info.kwarc.mmt.api.InvalidUnit" shortMsg="invalid unit: http://cds.omdoc.org/urtheories?PredicateSubtypes?subA_A?type:  |- {A,P}A|P⊆‍A INHABITABLE" level="2">
  <stacktrace>
    <element>info.kwarc.mmt.api.checking.RuleBasedChecker$$anonfun$apply$1$$anonfun$apply$mcV$sp$1.apply(RuleBasedChecker.scala:62)</element>
    <element>info.kwarc.mmt.api.checking.RuleBasedChecker$$anonfun$apply$1$$anonfun$apply$mcV$sp$1.apply(RuleBasedChecker.scala:61)</element>
    <element>scala.collection.immutable.List.foreach(List.scala:381)</element>
    <element>info.kwarc.mmt.api.checking.RuleBasedChecker$$anonfun$apply$1.apply$mcV$sp(RuleBasedChecker.scala:61)</element>
    <element>info.kwarc.mmt.api.checking.RuleBasedChecker$$anonfun$apply$1.apply(RuleBasedChecker.scala:58)</element>
    <element>info.kwarc.mmt.api.checking.RuleBasedChecker$$anonfun$apply$1.apply(RuleBasedChecker.scala:58)</element>
    <element>info.kwarc.mmt.api.frontend.Logger$class.logGroup(Log.scala:23)</element>
    <element>info.kwarc.mmt.api.checking.RuleBasedChecker.logGroup(RuleBasedChecker.scala:15)</element>
    <element>info.kwarc.mmt.api.checking.RuleBasedChecker.apply(RuleBasedChecker.scala:58)</element>
    <element>info.kwarc.mmt.api.checking.MMTStructureChecker$$anonfun$info$kwarc$mmt$api$checking$MMTStructureChecker$$check$8.apply(MMTStructureChecker.scala:183)</element>
    <element>info.kwarc.mmt.api.checking.MMTStructureChecker$$anonfun$info$kwarc$mmt$api$checking$MMTStructureChecker$$check$8.apply(MMTStructureChecker.scala:179)</element>
    <element>scala.Option.foreach(Option.scala:257)</element>
    <element>info.kwarc.mmt.api.checking.MMTStructureChecker.info$kwarc$mmt$api$checking$MMTStructureChecker$$check(MMTStructureChecker.scala:179)</element>
    <element>info.kwarc.mmt.api.checking.MMTStructureChecker$$anonfun$info$kwarc$mmt$api$checking$MMTStructureChecker$$check$1$$anonfun$apply$mcV$sp$1.apply(MMTStructureChecker.scala:90)</element>
    <element>info.kwarc.mmt.api.checking.MMTStructureChecker$$anonfun$info$kwarc$mmt$api$checking$MMTStructureChecker$$check$1$$anonfun$apply$mcV$sp$1.apply(MMTStructureChecker.scala:89)</element>
    <element>scala.collection.immutable.List.foreach(List.scala:381)</element>
    <element>info.kwarc.mmt.api.checking.MMTStructureChecker$$anonfun$info$kwarc$mmt$api$checking$MMTStructureChecker$$check$1.apply$mcV$sp(MMTStructureChecker.scala:89)</element>
    <element>info.kwarc.mmt.api.checking.MMTStructureChecker$$anonfun$info$kwarc$mmt$api$checking$MMTStructureChecker$$check$1.apply(MMTStructureChecker.scala:89)</element>
    <element>info.kwarc.mmt.api.checking.MMTStructureChecker$$anonfun$info$kwarc$mmt$api$checking$MMTStructureChecker$$check$1.apply(MMTStructureChecker.scala:89)</element>
    <element>info.kwarc.mmt.api.frontend.Logger$class.logGroup(Log.scala:23)</element>
    <element>info.kwarc.mmt.api.checking.Checker.logGroup(Checker.scala:71)</element>
    <element>info.kwarc.mmt.api.checking.MMTStructureChecker.info$kwarc$mmt$api$checking$MMTStructureChecker$$check(MMTStructureChecker.scala:88)</element>
    <element>info.kwarc.mmt.api.checking.MMTStructureChecker.info$kwarc$mmt$api$checking$MMTStructureChecker$$check(MMTStructureChecker.scala:72)</element>
    <element>info.kwarc.mmt.api.checking.MMTStructureChecker$$anonfun$info$kwarc$mmt$api$checking$MMTStructureChecker$$check$4.apply(MMTStructureChecker.scala:63)</element>
    <element>info.kwarc.mmt.api.checking.MMTStructureChecker$$anonfun$info$kwarc$mmt$api$checking$MMTStructureChecker$$check$4.apply(MMTStructureChecker.scala:63)</element>
    <element>scala.collection.immutable.List.foreach(List.scala:381)</element>
    <element>info.kwarc.mmt.api.checking.MMTStructureChecker.info$kwarc$mmt$api$checking$MMTStructureChecker$$check(MMTStructureChecker.scala:63)</element>
    <element>info.kwarc.mmt.api.checking.MMTStructureChecker.apply(MMTStructureChecker.scala:49)</element>
    <element>info.kwarc.mmt.api.checking.TwoStepInterpreter.apply(Interpreter.scala:68)</element>
    <element>info.kwarc.mmt.api.checking.Interpreter.importDocument(Interpreter.scala:37)</element>
    <element>info.kwarc.mmt.api.archives.Importer.buildFile(Index.scala:38)</element>
    <element>info.kwarc.mmt.api.archives.TraversingBuildTarget.runBuildTask(BuildTarget.scala:444)</element>
    <element>info.kwarc.mmt.api.archives.TraversingBuildTarget.checkOrRunBuildTask(BuildTarget.scala:538)</element>
    <element>info.kwarc.mmt.api.archives.TrivialBuildManager$$anonfun$addTasks$1.apply(BuildQueue.scala:153)</element>
    <element>info.kwarc.mmt.api.archives.TrivialBuildManager$$anonfun$addTasks$1.apply(BuildQueue.scala:152)</element>
    <element>scala.collection.immutable.List.foreach(List.scala:381)</element>
    <element>info.kwarc.mmt.api.archives.TrivialBuildManager.addTasks(BuildQueue.scala:152)</element>
    <element>info.kwarc.mmt.api.archives.TraversingBuildTarget.build(BuildTarget.scala:346)</element>
    <element>info.kwarc.mmt.api.archives.TraversingBuildTarget.build(BuildTarget.scala:340)</element>
    <element>info.kwarc.mmt.api.archives.BuildTarget.apply(BuildTarget.scala:201)</element>
    <element>info.kwarc.mmt.api.frontend.ActionHandling$$anonfun$archiveBuildAction$1.apply(ActionHandling.scala:310)</element>
    <element>info.kwarc.mmt.api.frontend.ActionHandling$$anonfun$archiveBuildAction$1.apply(ActionHandling.scala:287)</element>
    <element>scala.collection.immutable.List.foreach(List.scala:381)</element>
    <element>info.kwarc.mmt.api.frontend.ActionHandling$class.archiveBuildAction(ActionHandling.scala:287)</element>
    <element>info.kwarc.mmt.api.frontend.Controller.archiveBuildAction(Controller.scala:62)</element>
    <element>info.kwarc.mmt.api.frontend.ActionHandling$class.handle(ActionHandling.scala:60)</element>
    <element>info.kwarc.mmt.api.frontend.Controller.handle(Controller.scala:62)</element>
    <element>info.kwarc.mmt.api.frontend.ActionHandling$class.handleLine(ActionHandling.scala:27)</element>
    <element>info.kwarc.mmt.api.frontend.Controller.handleLine(Controller.scala:62)</element>
    <element>info.kwarc.mmt.jedit.MMTConsole.execute(MMTConsole.scala:31)</element>
    <element>console.Console.run(Console.java:605)</element>
    <element>console.Console.access$1300(Console.java:77)</element>
    <element>console.Console$RunActionHandler.actionPerformed(Console.java:1193)</element>
    <element>console.ConsolePane.fireActionEvent(ConsolePane.java:195)</element>
    <element>console.ConsolePane$EnterAction.actionPerformed(ConsolePane.java:447)</element>
    <element>javax.swing.SwingUtilities.notifyAction(SwingUtilities.java:1663)</element>
    <element>javax.swing.JComponent.processKeyBinding(JComponent.java:2882)</element>
    <element>javax.swing.JComponent.processKeyBindings(JComponent.java:2929)</element>
    <element>javax.swing.JComponent.processKeyEvent(JComponent.java:2845)</element>
    <element>console.ConsolePane.processKeyEvent(ConsolePane.java:346)</element>
    <element>java.awt.Component.processEvent(Component.java:6312)</element>
    <element>java.awt.Container.processEvent(Container.java:2236)</element>
    <element>java.awt.Component.dispatchEventImpl(Component.java:4891)</element>
    <element>java.awt.Container.dispatchEventImpl(Container.java:2294)</element>
    <element>java.awt.Component.dispatchEvent(Component.java:4713)</element>
    <element>java.awt.KeyboardFocusManager.redispatchEvent(KeyboardFocusManager.java:1954)</element>
    <element>java.awt.DefaultKeyboardFocusManager.dispatchKeyEvent(DefaultKeyboardFocusManager.java:806)</element>
    <element>java.awt.DefaultKeyboardFocusManager.preDispatchKeyEvent(DefaultKeyboardFocusManager.java:1074)</element>
    <element>java.awt.DefaultKeyboardFocusManager.typeAheadAssertions(DefaultKeyboardFocusManager.java:945)</element>
    <element>java.awt.DefaultKeyboardFocusManager.dispatchEvent(DefaultKeyboardFocusManager.java:771)</element>
    <element>java.awt.Component.dispatchEventImpl(Component.java:4762)</element>
    <element>java.awt.Container.dispatchEventImpl(Container.java:2294)</element>
    <element>java.awt.Window.dispatchEventImpl(Window.java:2750)</element>
    <element>java.awt.Component.dispatchEvent(Component.java:4713)</element>
    <element>java.awt.EventQueue.dispatchEventImpl(EventQueue.java:758)</element>
    <element>java.awt.EventQueue.access$500(EventQueue.java:97)</element>
    <element>java.awt.EventQueue$3.run(EventQueue.java:709)</element>
    <element>java.awt.EventQueue$3.run(EventQueue.java:703)</element>
    <element>java.security.AccessController.doPrivileged(Native Method)</element>
    <element>java.security.ProtectionDomain$JavaSecurityAccessImpl.doIntersectionPrivilege(ProtectionDomain.java:76)</element>
    <element>java.security.ProtectionDomain$JavaSecurityAccessImpl.doIntersectionPrivilege(ProtectionDomain.java:86)</element>
    <element>java.awt.EventQueue$4.run(EventQueue.java:731)</element>
    <element>java.awt.EventQueue$4.run(EventQueue.java:729)</element>
    <element>java.security.AccessController.doPrivileged(Native Method)</element>
    <element>java.security.ProtectionDomain$JavaSecurityAccessImpl.doIntersectionPrivilege(ProtectionDomain.java:76)</element>
    <element>java.awt.EventQueue.dispatchEvent(EventQueue.java:728)</element>
    <element>java.awt.EventDispatchThread.pumpOneEventForFilters(EventDispatchThread.java:201)</element>
    <element>java.awt.EventDispatchThread.pumpEventsForFilter(EventDispatchThread.java:116)</element>
    <element>java.awt.EventDispatchThread.pumpEventsForHierarchy(EventDispatchThread.java:105)</element>
    <element>java.awt.EventDispatchThread.pumpEvents(EventDispatchThread.java:101)</element>
    <element>java.awt.EventDispatchThread.pumpEvents(EventDispatchThread.java:93)</element>
    <element>java.awt.EventDispatchThread.run(EventDispatchThread.java:82)</element>
  </stacktrace>
</error>
<error type="info.kwarc.mmt.api.InvalidUnit" shortMsg="invalid unit: http://cds.omdoc.org/urtheories?PredicateSubtypes?subA_subA?type:  |- {A,P,Q}({x}P x→Q x)→A|P⊆‍A|Q INHABITABLE" level="2">
  <stacktrace>
    <element>info.kwarc.mmt.api.checking.RuleBasedChecker$$anonfun$apply$1$$anonfun$apply$mcV$sp$1.apply(RuleBasedChecker.scala:62)</element>
    <element>info.kwarc.mmt.api.checking.RuleBasedChecker$$anonfun$apply$1$$anonfun$apply$mcV$sp$1.apply(RuleBasedChecker.scala:61)</element>
    <element>scala.collection.immutable.List.foreach(List.scala:381)</element>
    <element>info.kwarc.mmt.api.checking.RuleBasedChecker$$anonfun$apply$1.apply$mcV$sp(RuleBasedChecker.scala:61)</element>
    <element>info.kwarc.mmt.api.checking.RuleBasedChecker$$anonfun$apply$1.apply(RuleBasedChecker.scala:58)</element>
    <element>info.kwarc.mmt.api.checking.RuleBasedChecker$$anonfun$apply$1.apply(RuleBasedChecker.scala:58)</element>
    <element>info.kwarc.mmt.api.frontend.Logger$class.logGroup(Log.scala:23)</element>
    <element>info.kwarc.mmt.api.checking.RuleBasedChecker.logGroup(RuleBasedChecker.scala:15)</element>
    <element>info.kwarc.mmt.api.checking.RuleBasedChecker.apply(RuleBasedChecker.scala:58)</element>
    <element>info.kwarc.mmt.api.checking.MMTStructureChecker$$anonfun$info$kwarc$mmt$api$checking$MMTStructureChecker$$check$8.apply(MMTStructureChecker.scala:183)</element>
    <element>info.kwarc.mmt.api.checking.MMTStructureChecker$$anonfun$info$kwarc$mmt$api$checking$MMTStructureChecker$$check$8.apply(MMTStructureChecker.scala:179)</element>
    <element>scala.Option.foreach(Option.scala:257)</element>
    <element>info.kwarc.mmt.api.checking.MMTStructureChecker.info$kwarc$mmt$api$checking$MMTStructureChecker$$check(MMTStructureChecker.scala:179)</element>
    <element>info.kwarc.mmt.api.checking.MMTStructureChecker$$anonfun$info$kwarc$mmt$api$checking$MMTStructureChecker$$check$1$$anonfun$apply$mcV$sp$1.apply(MMTStructureChecker.scala:90)</element>
    <element>info.kwarc.mmt.api.checking.MMTStructureChecker$$anonfun$info$kwarc$mmt$api$checking$MMTStructureChecker$$check$1$$anonfun$apply$mcV$sp$1.apply(MMTStructureChecker.scala:89)</element>
    <element>scala.collection.immutable.List.foreach(List.scala:381)</element>
    <element>info.kwarc.mmt.api.checking.MMTStructureChecker$$anonfun$info$kwarc$mmt$api$checking$MMTStructureChecker$$check$1.apply$mcV$sp(MMTStructureChecker.scala:89)</element>
    <element>info.kwarc.mmt.api.checking.MMTStructureChecker$$anonfun$info$kwarc$mmt$api$checking$MMTStructureChecker$$check$1.apply(MMTStructureChecker.scala:89)</element>
    <element>info.kwarc.mmt.api.checking.MMTStructureChecker$$anonfun$info$kwarc$mmt$api$checking$MMTStructureChecker$$check$1.apply(MMTStructureChecker.scala:89)</element>
    <element>info.kwarc.mmt.api.frontend.Logger$class.logGroup(Log.scala:23)</element>
    <element>info.kwarc.mmt.api.checking.Checker.logGroup(Checker.scala:71)</element>
    <element>info.kwarc.mmt.api.checking.MMTStructureChecker.info$kwarc$mmt$api$checking$MMTStructureChecker$$check(MMTStructureChecker.scala:88)</element>
    <element>info.kwarc.mmt.api.checking.MMTStructureChecker.info$kwarc$mmt$api$checking$MMTStructureChecker$$check(MMTStructureChecker.scala:72)</element>
    <element>info.kwarc.mmt.api.checking.MMTStructureChecker$$anonfun$info$kwarc$mmt$api$checking$MMTStructureChecker$$check$4.apply(MMTStructureChecker.scala:63)</element>
    <element>info.kwarc.mmt.api.checking.MMTStructureChecker$$anonfun$info$kwarc$mmt$api$checking$MMTStructureChecker$$check$4.apply(MMTStructureChecker.scala:63)</element>
    <element>scala.collection.immutable.List.foreach(List.scala:381)</element>
    <element>info.kwarc.mmt.api.checking.MMTStructureChecker.info$kwarc$mmt$api$checking$MMTStructureChecker$$check(MMTStructureChecker.scala:63)</element>
    <element>info.kwarc.mmt.api.checking.MMTStructureChecker.apply(MMTStructureChecker.scala:49)</element>
    <element>info.kwarc.mmt.api.checking.TwoStepInterpreter.apply(Interpreter.scala:68)</element>
    <element>info.kwarc.mmt.api.checking.Interpreter.importDocument(Interpreter.scala:37)</element>
    <element>info.kwarc.mmt.api.archives.Importer.buildFile(Index.scala:38)</element>
    <element>info.kwarc.mmt.api.archives.TraversingBuildTarget.runBuildTask(BuildTarget.scala:444)</element>
    <element>info.kwarc.mmt.api.archives.TraversingBuildTarget.checkOrRunBuildTask(BuildTarget.scala:538)</element>
    <element>info.kwarc.mmt.api.archives.TrivialBuildManager$$anonfun$addTasks$1.apply(BuildQueue.scala:153)</element>
    <element>info.kwarc.mmt.api.archives.TrivialBuildManager$$anonfun$addTasks$1.apply(BuildQueue.scala:152)</element>
    <element>scala.collection.immutable.List.foreach(List.scala:381)</element>
    <element>info.kwarc.mmt.api.archives.TrivialBuildManager.addTasks(BuildQueue.scala:152)</element>
    <element>info.kwarc.mmt.api.archives.TraversingBuildTarget.build(BuildTarget.scala:346)</element>
    <element>info.kwarc.mmt.api.archives.TraversingBuildTarget.build(BuildTarget.scala:340)</element>
    <element>info.kwarc.mmt.api.archives.BuildTarget.apply(BuildTarget.scala:201)</element>
    <element>info.kwarc.mmt.api.frontend.ActionHandling$$anonfun$archiveBuildAction$1.apply(ActionHandling.scala:310)</element>
    <element>info.kwarc.mmt.api.frontend.ActionHandling$$anonfun$archiveBuildAction$1.apply(ActionHandling.scala:287)</element>
    <element>scala.collection.immutable.List.foreach(List.scala:381)</element>
    <element>info.kwarc.mmt.api.frontend.ActionHandling$class.archiveBuildAction(ActionHandling.scala:287)</element>
    <element>info.kwarc.mmt.api.frontend.Controller.archiveBuildAction(Controller.scala:62)</element>
    <element>info.kwarc.mmt.api.frontend.ActionHandling$class.handle(ActionHandling.scala:60)</element>
    <element>info.kwarc.mmt.api.frontend.Controller.handle(Controller.scala:62)</element>
    <element>info.kwarc.mmt.api.frontend.ActionHandling$class.handleLine(ActionHandling.scala:27)</element>
    <element>info.kwarc.mmt.api.frontend.Controller.handleLine(Controller.scala:62)</element>
    <element>info.kwarc.mmt.jedit.MMTConsole.execute(MMTConsole.scala:31)</element>
    <element>console.Console.run(Console.java:605)</element>
    <element>console.Console.access$1300(Console.java:77)</element>
    <element>console.Console$RunActionHandler.actionPerformed(Console.java:1193)</element>
    <element>console.ConsolePane.fireActionEvent(ConsolePane.java:195)</element>
    <element>console.ConsolePane$EnterAction.actionPerformed(ConsolePane.java:447)</element>
    <element>javax.swing.SwingUtilities.notifyAction(SwingUtilities.java:1663)</element>
    <element>javax.swing.JComponent.processKeyBinding(JComponent.java:2882)</element>
    <element>javax.swing.JComponent.processKeyBindings(JComponent.java:2929)</element>
    <element>javax.swing.JComponent.processKeyEvent(JComponent.java:2845)</element>
    <element>console.ConsolePane.processKeyEvent(ConsolePane.java:346)</element>
    <element>java.awt.Component.processEvent(Component.java:6312)</element>
    <element>java.awt.Container.processEvent(Container.java:2236)</element>
    <element>java.awt.Component.dispatchEventImpl(Component.java:4891)</element>
    <element>java.awt.Container.dispatchEventImpl(Container.java:2294)</element>
    <element>java.awt.Component.dispatchEvent(Component.java:4713)</element>
    <element>java.awt.KeyboardFocusManager.redispatchEvent(KeyboardFocusManager.java:1954)</element>
    <element>java.awt.DefaultKeyboardFocusManager.dispatchKeyEvent(DefaultKeyboardFocusManager.java:806)</element>
    <element>java.awt.DefaultKeyboardFocusManager.preDispatchKeyEvent(DefaultKeyboardFocusManager.java:1074)</element>
    <element>java.awt.DefaultKeyboardFocusManager.typeAheadAssertions(DefaultKeyboardFocusManager.java:945)</element>
    <element>java.awt.DefaultKeyboardFocusManager.dispatchEvent(DefaultKeyboardFocusManager.java:771)</element>
    <element>java.awt.Component.dispatchEventImpl(Component.java:4762)</element>
    <element>java.awt.Container.dispatchEventImpl(Container.java:2294)</element>
    <element>java.awt.Window.dispatchEventImpl(Window.java:2750)</element>
    <element>java.awt.Component.dispatchEvent(Component.java:4713)</element>
    <element>java.awt.EventQueue.dispatchEventImpl(EventQueue.java:758)</element>
    <element>java.awt.EventQueue.access$500(EventQueue.java:97)</element>
    <element>java.awt.EventQueue$3.run(EventQueue.java:709)</element>
    <element>java.awt.EventQueue$3.run(EventQueue.java:703)</element>
    <element>java.security.AccessController.doPrivileged(Native Method)</element>
    <element>java.security.ProtectionDomain$JavaSecurityAccessImpl.doIntersectionPrivilege(ProtectionDomain.java:76)</element>
    <element>java.security.ProtectionDomain$JavaSecurityAccessImpl.doIntersectionPrivilege(ProtectionDomain.java:86)</element>
    <element>java.awt.EventQueue$4.run(EventQueue.java:731)</element>
    <element>java.awt.EventQueue$4.run(EventQueue.java:729)</element>
    <element>java.security.AccessController.doPrivileged(Native Method)</element>
    <element>java.security.ProtectionDomain$JavaSecurityAccessImpl.doIntersectionPrivilege(ProtectionDomain.java:76)</element>
    <element>java.awt.EventQueue.dispatchEvent(EventQueue.java:728)</element>
    <element>java.awt.EventDispatchThread.pumpOneEventForFilters(EventDispatchThread.java:201)</element>
    <element>java.awt.EventDispatchThread.pumpEventsForFilter(EventDispatchThread.java:116)</element>
    <element>java.awt.EventDispatchThread.pumpEventsForHierarchy(EventDispatchThread.java:105)</element>
    <element>java.awt.EventDispatchThread.pumpEvents(EventDispatchThread.java:101)</element>
    <element>java.awt.EventDispatchThread.pumpEvents(EventDispatchThread.java:93)</element>
    <element>java.awt.EventDispatchThread.run(EventDispatchThread.java:82)</element>
  </stacktrace>
</error>
</errors>
